<?xml version="1.0" encoding="UTF-8"?>
<testng-results skipped="2" failed="1" ignored="0" total="20" passed="17">
  <reporter-output>
  </reporter-output>
  <suite name="book-flight-module" duration-ms="37348" started-at="2021-07-25T10:19:45Z" finished-at="2021-07-25T10:20:22Z">
    <groups>
    </groups>
    <test name="book-flight-2" duration-ms="22187" started-at="2021-07-25T10:19:45Z" finished-at="2021-07-25T10:20:07Z">
      <class name="com.newtours.tests.BookFlight2Test">
        <test-method status="PASS" signature="setupDriver()[pri:0, instance:com.newtours.tests.BookFlight2Test@6b71769e]" name="setupDriver" is-config="true" duration-ms="8120" started-at="2021-07-25T10:19:45Z" finished-at="2021-07-25T10:19:53Z">
          <reporter-output>
          </reporter-output>
        </test-method> <!-- setupDriver -->
        <test-method status="PASS" signature="setupParameter(java.lang.String, java.lang.String)[pri:0, instance:com.newtours.tests.BookFlight2Test@6b71769e]" name="setupParameter" is-config="true" duration-ms="45" started-at="2021-07-25T10:19:53Z" depends-on-methods="com.tests.Base2Test.setupDriver" finished-at="2021-07-25T10:19:53Z">
          <params>
            <param index="0">
              <value>
                <![CDATA[2]]>
              </value>
            </param>
            <param index="1">
              <value>
                <![CDATA[$1169 USD]]>
              </value>
            </param>
          </params>
          <reporter-output>
          </reporter-output>
        </test-method> <!-- setupParameter -->
        <test-method status="PASS" signature="registrationPage()[pri:0, instance:com.newtours.tests.BookFlight2Test@6b71769e]" name="registrationPage" duration-ms="7889" started-at="2021-07-25T10:19:53Z" finished-at="2021-07-25T10:20:01Z">
          <reporter-output>
          </reporter-output>
        </test-method> <!-- registrationPage -->
        <test-method status="PASS" signature="registrationConfirmationPage()[pri:0, instance:com.newtours.tests.BookFlight2Test@6b71769e]" name="registrationConfirmationPage" duration-ms="437" started-at="2021-07-25T10:20:01Z" depends-on-methods="com.newtours.tests.BookFlight2Test.registrationPage" finished-at="2021-07-25T10:20:02Z">
          <reporter-output>
          </reporter-output>
        </test-method> <!-- registrationConfirmationPage -->
        <test-method status="PASS" signature="flightDetailsPage()[pri:0, instance:com.newtours.tests.BookFlight2Test@6b71769e]" name="flightDetailsPage" duration-ms="2149" started-at="2021-07-25T10:20:02Z" depends-on-methods="com.newtours.tests.BookFlight2Test.registrationConfirmationPage" finished-at="2021-07-25T10:20:04Z">
          <reporter-output>
          </reporter-output>
        </test-method> <!-- flightDetailsPage -->
        <test-method status="PASS" signature="findFlightPage()[pri:0, instance:com.newtours.tests.BookFlight2Test@6b71769e]" name="findFlightPage" duration-ms="1524" started-at="2021-07-25T10:20:04Z" depends-on-methods="com.newtours.tests.BookFlight2Test.flightDetailsPage" finished-at="2021-07-25T10:20:05Z">
          <reporter-output>
          </reporter-output>
        </test-method> <!-- findFlightPage -->
        <test-method status="PASS" signature="flightConfirmationPage()[pri:0, instance:com.newtours.tests.BookFlight2Test@6b71769e]" name="flightConfirmationPage" duration-ms="520" started-at="2021-07-25T10:20:05Z" depends-on-methods="com.newtours.tests.BookFlight2Test.findFlightPage" finished-at="2021-07-25T10:20:06Z">
          <reporter-output>
          </reporter-output>
        </test-method> <!-- flightConfirmationPage -->
        <test-method status="PASS" signature="tearDown()[pri:0, instance:com.newtours.tests.BookFlight2Test@6b71769e]" name="tearDown" is-config="true" duration-ms="1317" started-at="2021-07-25T10:20:06Z" finished-at="2021-07-25T10:20:07Z">
          <reporter-output>
          </reporter-output>
        </test-method> <!-- tearDown -->
      </class> <!-- com.newtours.tests.BookFlight2Test -->
    </test> <!-- book-flight-2 -->
    <test name="book-flight-4" duration-ms="22473" started-at="2021-07-25T10:19:45Z" finished-at="2021-07-25T10:20:08Z">
      <class name="com.newtours.tests.BookFlight2Test">
        <test-method status="PASS" signature="setupDriver()[pri:0, instance:com.newtours.tests.BookFlight2Test@1e643faf]" name="setupDriver" is-config="true" duration-ms="8120" started-at="2021-07-25T10:19:45Z" finished-at="2021-07-25T10:19:53Z">
          <reporter-output>
          </reporter-output>
        </test-method> <!-- setupDriver -->
        <test-method status="PASS" signature="setupParameter(java.lang.String, java.lang.String)[pri:0, instance:com.newtours.tests.BookFlight2Test@1e643faf]" name="setupParameter" is-config="true" duration-ms="47" started-at="2021-07-25T10:19:53Z" depends-on-methods="com.tests.Base2Test.setupDriver" finished-at="2021-07-25T10:19:53Z">
          <params>
            <param index="0">
              <value>
                <![CDATA[4]]>
              </value>
            </param>
            <param index="1">
              <value>
                <![CDATA[$2338 USD]]>
              </value>
            </param>
          </params>
          <reporter-output>
          </reporter-output>
        </test-method> <!-- setupParameter -->
        <test-method status="PASS" signature="registrationPage()[pri:0, instance:com.newtours.tests.BookFlight2Test@1e643faf]" name="registrationPage" duration-ms="8507" started-at="2021-07-25T10:19:53Z" finished-at="2021-07-25T10:20:02Z">
          <reporter-output>
          </reporter-output>
        </test-method> <!-- registrationPage -->
        <test-method status="PASS" signature="registrationConfirmationPage()[pri:0, instance:com.newtours.tests.BookFlight2Test@1e643faf]" name="registrationConfirmationPage" duration-ms="230" started-at="2021-07-25T10:20:02Z" depends-on-methods="com.newtours.tests.BookFlight2Test.registrationPage" finished-at="2021-07-25T10:20:02Z">
          <reporter-output>
          </reporter-output>
        </test-method> <!-- registrationConfirmationPage -->
        <test-method status="PASS" signature="flightDetailsPage()[pri:0, instance:com.newtours.tests.BookFlight2Test@1e643faf]" name="flightDetailsPage" duration-ms="2079" started-at="2021-07-25T10:20:02Z" depends-on-methods="com.newtours.tests.BookFlight2Test.registrationConfirmationPage" finished-at="2021-07-25T10:20:04Z">
          <reporter-output>
          </reporter-output>
        </test-method> <!-- flightDetailsPage -->
        <test-method status="PASS" signature="findFlightPage()[pri:0, instance:com.newtours.tests.BookFlight2Test@1e643faf]" name="findFlightPage" duration-ms="1397" started-at="2021-07-25T10:20:04Z" depends-on-methods="com.newtours.tests.BookFlight2Test.flightDetailsPage" finished-at="2021-07-25T10:20:06Z">
          <reporter-output>
          </reporter-output>
        </test-method> <!-- findFlightPage -->
        <test-method status="PASS" signature="flightConfirmationPage()[pri:0, instance:com.newtours.tests.BookFlight2Test@1e643faf]" name="flightConfirmationPage" duration-ms="504" started-at="2021-07-25T10:20:06Z" depends-on-methods="com.newtours.tests.BookFlight2Test.findFlightPage" finished-at="2021-07-25T10:20:06Z">
          <reporter-output>
          </reporter-output>
        </test-method> <!-- flightConfirmationPage -->
        <test-method status="PASS" signature="tearDown()[pri:0, instance:com.newtours.tests.BookFlight2Test@1e643faf]" name="tearDown" is-config="true" duration-ms="1422" started-at="2021-07-25T10:20:06Z" finished-at="2021-07-25T10:20:08Z">
          <reporter-output>
          </reporter-output>
        </test-method> <!-- tearDown -->
      </class> <!-- com.newtours.tests.BookFlight2Test -->
    </test> <!-- book-flight-4 -->
    <test name="book-flight-3" duration-ms="35308" started-at="2021-07-25T10:19:45Z" finished-at="2021-07-25T10:20:20Z">
      <class name="com.newtours.tests.BookFlight2Test">
        <test-method status="PASS" signature="setupDriver()[pri:0, instance:com.newtours.tests.BookFlight2Test@58ceff1]" name="setupDriver" is-config="true" duration-ms="26727" started-at="2021-07-25T10:19:45Z" finished-at="2021-07-25T10:20:12Z">
          <reporter-output>
          </reporter-output>
        </test-method> <!-- setupDriver -->
        <test-method status="PASS" signature="setupParameter(java.lang.String, java.lang.String)[pri:0, instance:com.newtours.tests.BookFlight2Test@58ceff1]" name="setupParameter" is-config="true" duration-ms="0" started-at="2021-07-25T10:20:12Z" depends-on-methods="com.tests.Base2Test.setupDriver" finished-at="2021-07-25T10:20:12Z">
          <params>
            <param index="0">
              <value>
                <![CDATA[30]]>
              </value>
            </param>
            <param index="1">
              <value>
                <![CDATA[$1753 USD]]>
              </value>
            </param>
          </params>
          <reporter-output>
          </reporter-output>
        </test-method> <!-- setupParameter -->
        <test-method status="PASS" signature="registrationPage()[pri:0, instance:com.newtours.tests.BookFlight2Test@58ceff1]" name="registrationPage" duration-ms="6353" started-at="2021-07-25T10:20:12Z" finished-at="2021-07-25T10:20:18Z">
          <reporter-output>
          </reporter-output>
        </test-method> <!-- registrationPage -->
        <test-method status="PASS" signature="registrationConfirmationPage()[pri:0, instance:com.newtours.tests.BookFlight2Test@58ceff1]" name="registrationConfirmationPage" duration-ms="387" started-at="2021-07-25T10:20:18Z" depends-on-methods="com.newtours.tests.BookFlight2Test.registrationPage" finished-at="2021-07-25T10:20:19Z">
          <reporter-output>
          </reporter-output>
        </test-method> <!-- registrationConfirmationPage -->
        <test-method status="FAIL" signature="flightDetailsPage()[pri:0, instance:com.newtours.tests.BookFlight2Test@58ceff1]" name="flightDetailsPage" duration-ms="1072" started-at="2021-07-25T10:20:19Z" depends-on-methods="com.newtours.tests.BookFlight2Test.registrationConfirmationPage" finished-at="2021-07-25T10:20:20Z">
          <exception class="org.openqa.selenium.NoSuchElementException">
            <message>
              <![CDATA[Cannot locate option with value: 30
For documentation on this error, please visit: http://seleniumhq.org/exceptions/no_such_element.html
Build info: version: '3.14.0', revision: 'aacccce0', time: '2018-08-02T20:19:58.91Z'
System info: host: 'ccd03e6d2c67', ip: '192.168.144.9', os.name: 'Linux', os.arch: 'amd64', os.version: '4.19.76-linuxkit', java.version: '1.8.0_191'
Driver info: driver.version: unknown]]>
            </message>
            <full-stacktrace>
              <![CDATA[org.openqa.selenium.NoSuchElementException: Cannot locate option with value: 30
For documentation on this error, please visit: http://seleniumhq.org/exceptions/no_such_element.html
Build info: version: '3.14.0', revision: 'aacccce0', time: '2018-08-02T20:19:58.91Z'
System info: host: 'ccd03e6d2c67', ip: '192.168.144.9', os.name: 'Linux', os.arch: 'amd64', os.version: '4.19.76-linuxkit', java.version: '1.8.0_191'
Driver info: driver.version: unknown
at org.openqa.selenium.support.ui.Select.selectByValue(Select.java:209)
at com.newtours.pages.FlightDetailsPage.selectPassengers(FlightDetailsPage.java:32)
at com.newtours.tests.BookFlight2Test.flightDetailsPage(BookFlight2Test.java:46)
at sun.reflect.NativeMethodAccessorImpl.invoke0(Native Method)
at sun.reflect.NativeMethodAccessorImpl.invoke(NativeMethodAccessorImpl.java:62)
at sun.reflect.DelegatingMethodAccessorImpl.invoke(DelegatingMethodAccessorImpl.java:43)
at java.lang.reflect.Method.invoke(Method.java:498)
at org.testng.internal.MethodInvocationHelper.invokeMethod(MethodInvocationHelper.java:124)
at org.testng.internal.Invoker.invokeMethod(Invoker.java:583)
at org.testng.internal.Invoker.invokeTestMethod(Invoker.java:719)
at org.testng.internal.Invoker.invokeTestMethods(Invoker.java:989)
at org.testng.internal.TestMethodWorker.invokeTestMethods(TestMethodWorker.java:125)
at org.testng.internal.TestMethodWorker.run(TestMethodWorker.java:109)
at org.testng.TestRunner.privateRun(TestRunner.java:648)
at org.testng.TestRunner.run(TestRunner.java:505)
at org.testng.SuiteRunner.runTest(SuiteRunner.java:455)
at org.testng.SuiteRunner.access$000(SuiteRunner.java:40)
at org.testng.SuiteRunner$SuiteWorker.run(SuiteRunner.java:489)
at org.testng.internal.thread.ThreadUtil$1.call(ThreadUtil.java:52)
at java.util.concurrent.FutureTask.run(FutureTask.java:266)
at java.util.concurrent.ThreadPoolExecutor.runWorker(ThreadPoolExecutor.java:1149)
at java.util.concurrent.ThreadPoolExecutor$Worker.run(ThreadPoolExecutor.java:624)
at java.lang.Thread.run(Thread.java:748)
]]>
            </full-stacktrace>
          </exception> <!-- org.openqa.selenium.NoSuchElementException -->
          <reporter-output>
          </reporter-output>
        </test-method> <!-- flightDetailsPage -->
        <test-method status="PASS" signature="tearDown()[pri:0, instance:com.newtours.tests.BookFlight2Test@58ceff1]" name="tearDown" is-config="true" duration-ms="763" started-at="2021-07-25T10:20:20Z" finished-at="2021-07-25T10:20:20Z">
          <reporter-output>
          </reporter-output>
        </test-method> <!-- tearDown -->
        <test-method status="SKIP" signature="flightConfirmationPage()[pri:0, instance:com.newtours.tests.BookFlight2Test@58ceff1]" name="flightConfirmationPage" duration-ms="0" started-at="2021-07-25T10:20:20Z" depends-on-methods="com.newtours.tests.BookFlight2Test.findFlightPage" finished-at="2021-07-25T10:20:20Z">
          <exception class="java.lang.Throwable">
            <message>
              <![CDATA[Method BookFlight2Test.flightConfirmationPage()[pri:0, instance:com.newtours.tests.BookFlight2Test@58ceff1] depends on not successfully finished methods]]>
            </message>
            <full-stacktrace>
              <![CDATA[java.lang.Throwable: Method BookFlight2Test.flightConfirmationPage()[pri:0, instance:com.newtours.tests.BookFlight2Test@58ceff1] depends on not successfully finished methods
at org.testng.internal.Invoker.invokeTestMethods(Invoker.java:888)
at org.testng.internal.TestMethodWorker.invokeTestMethods(TestMethodWorker.java:125)
at org.testng.internal.TestMethodWorker.run(TestMethodWorker.java:109)
at org.testng.TestRunner.privateRun(TestRunner.java:648)
at org.testng.TestRunner.run(TestRunner.java:505)
at org.testng.SuiteRunner.runTest(SuiteRunner.java:455)
at org.testng.SuiteRunner.access$000(SuiteRunner.java:40)
at org.testng.SuiteRunner$SuiteWorker.run(SuiteRunner.java:489)
at org.testng.internal.thread.ThreadUtil$1.call(ThreadUtil.java:52)
at java.util.concurrent.FutureTask.run(FutureTask.java:266)
at java.util.concurrent.ThreadPoolExecutor.runWorker(ThreadPoolExecutor.java:1149)
at java.util.concurrent.ThreadPoolExecutor$Worker.run(ThreadPoolExecutor.java:624)
at java.lang.Thread.run(Thread.java:748)
]]>
            </full-stacktrace>
          </exception> <!-- java.lang.Throwable -->
          <reporter-output>
          </reporter-output>
        </test-method> <!-- flightConfirmationPage -->
        <test-method status="SKIP" signature="findFlightPage()[pri:0, instance:com.newtours.tests.BookFlight2Test@58ceff1]" name="findFlightPage" duration-ms="0" started-at="2021-07-25T10:20:20Z" depends-on-methods="com.newtours.tests.BookFlight2Test.flightDetailsPage" finished-at="2021-07-25T10:20:20Z">
          <exception class="java.lang.Throwable">
            <message>
              <![CDATA[Method BookFlight2Test.findFlightPage()[pri:0, instance:com.newtours.tests.BookFlight2Test@58ceff1] depends on not successfully finished methods]]>
            </message>
            <full-stacktrace>
              <![CDATA[java.lang.Throwable: Method BookFlight2Test.findFlightPage()[pri:0, instance:com.newtours.tests.BookFlight2Test@58ceff1] depends on not successfully finished methods
at org.testng.internal.Invoker.invokeTestMethods(Invoker.java:888)
at org.testng.internal.TestMethodWorker.invokeTestMethods(TestMethodWorker.java:125)
at org.testng.internal.TestMethodWorker.run(TestMethodWorker.java:109)
at org.testng.TestRunner.privateRun(TestRunner.java:648)
at org.testng.TestRunner.run(TestRunner.java:505)
at org.testng.SuiteRunner.runTest(SuiteRunner.java:455)
at org.testng.SuiteRunner.access$000(SuiteRunner.java:40)
at org.testng.SuiteRunner$SuiteWorker.run(SuiteRunner.java:489)
at org.testng.internal.thread.ThreadUtil$1.call(ThreadUtil.java:52)
at java.util.concurrent.FutureTask.run(FutureTask.java:266)
at java.util.concurrent.ThreadPoolExecutor.runWorker(ThreadPoolExecutor.java:1149)
at java.util.concurrent.ThreadPoolExecutor$Worker.run(ThreadPoolExecutor.java:624)
at java.lang.Thread.run(Thread.java:748)
]]>
            </full-stacktrace>
          </exception> <!-- java.lang.Throwable -->
          <reporter-output>
          </reporter-output>
        </test-method> <!-- findFlightPage -->
      </class> <!-- com.newtours.tests.BookFlight2Test -->
    </test> <!-- book-flight-3 -->
    <test name="book-flight-1" duration-ms="37348" started-at="2021-07-25T10:19:45Z" finished-at="2021-07-25T10:20:22Z">
      <class name="com.newtours.tests.BookFlight2Test">
        <test-method status="PASS" signature="setupDriver()[pri:0, instance:com.newtours.tests.BookFlight2Test@16c0663d]" name="setupDriver" is-config="true" duration-ms="26918" started-at="2021-07-25T10:19:45Z" finished-at="2021-07-25T10:20:12Z">
          <reporter-output>
          </reporter-output>
        </test-method> <!-- setupDriver -->
        <test-method status="PASS" signature="setupParameter(java.lang.String, java.lang.String)[pri:0, instance:com.newtours.tests.BookFlight2Test@16c0663d]" name="setupParameter" is-config="true" duration-ms="0" started-at="2021-07-25T10:20:12Z" depends-on-methods="com.tests.Base2Test.setupDriver" finished-at="2021-07-25T10:20:12Z">
          <params>
            <param index="0">
              <value>
                <![CDATA[1]]>
              </value>
            </param>
            <param index="1">
              <value>
                <![CDATA[$584 USD]]>
              </value>
            </param>
          </params>
          <reporter-output>
          </reporter-output>
        </test-method> <!-- setupParameter -->
        <test-method status="PASS" signature="registrationPage()[pri:0, instance:com.newtours.tests.BookFlight2Test@16c0663d]" name="registrationPage" duration-ms="6568" started-at="2021-07-25T10:20:12Z" finished-at="2021-07-25T10:20:19Z">
          <reporter-output>
          </reporter-output>
        </test-method> <!-- registrationPage -->
        <test-method status="PASS" signature="registrationConfirmationPage()[pri:0, instance:com.newtours.tests.BookFlight2Test@16c0663d]" name="registrationConfirmationPage" duration-ms="363" started-at="2021-07-25T10:20:19Z" depends-on-methods="com.newtours.tests.BookFlight2Test.registrationPage" finished-at="2021-07-25T10:20:19Z">
          <reporter-output>
          </reporter-output>
        </test-method> <!-- registrationConfirmationPage -->
        <test-method status="PASS" signature="flightDetailsPage()[pri:0, instance:com.newtours.tests.BookFlight2Test@16c0663d]" name="flightDetailsPage" duration-ms="1743" started-at="2021-07-25T10:20:19Z" depends-on-methods="com.newtours.tests.BookFlight2Test.registrationConfirmationPage" finished-at="2021-07-25T10:20:21Z">
          <reporter-output>
          </reporter-output>
        </test-method> <!-- flightDetailsPage -->
        <test-method status="PASS" signature="findFlightPage()[pri:0, instance:com.newtours.tests.BookFlight2Test@16c0663d]" name="findFlightPage" duration-ms="699" started-at="2021-07-25T10:20:21Z" depends-on-methods="com.newtours.tests.BookFlight2Test.flightDetailsPage" finished-at="2021-07-25T10:20:21Z">
          <reporter-output>
          </reporter-output>
        </test-method> <!-- findFlightPage -->
        <test-method status="PASS" signature="flightConfirmationPage()[pri:0, instance:com.newtours.tests.BookFlight2Test@16c0663d]" name="flightConfirmationPage" duration-ms="417" started-at="2021-07-25T10:20:21Z" depends-on-methods="com.newtours.tests.BookFlight2Test.findFlightPage" finished-at="2021-07-25T10:20:22Z">
          <reporter-output>
          </reporter-output>
        </test-method> <!-- flightConfirmationPage -->
        <test-method status="PASS" signature="tearDown()[pri:0, instance:com.newtours.tests.BookFlight2Test@16c0663d]" name="tearDown" is-config="true" duration-ms="633" started-at="2021-07-25T10:20:22Z" finished-at="2021-07-25T10:20:22Z">
          <reporter-output>
          </reporter-output>
        </test-method> <!-- tearDown -->
      </class> <!-- com.newtours.tests.BookFlight2Test -->
    </test> <!-- book-flight-1 -->
  </suite> <!-- book-flight-module -->
</testng-results>
