<?xml version="1.0" encoding="UTF-8"?>
<testng-results skipped="0" failed="0" ignored="0" total="4" passed="4">
  <reporter-output>
  </reporter-output>
  <suite name="search-module" duration-ms="22623" started-at="2021-08-01T10:02:03Z" finished-at="2021-08-01T10:02:26Z">
    <groups>
    </groups>
    <test name="search-test-java" duration-ms="7657" started-at="2021-08-01T10:02:03Z" finished-at="2021-08-01T10:02:11Z">
      <class name="com.searchmodule.tests.Search2Test">
        <test-method status="PASS" signature="setupDriver()[pri:0, instance:com.searchmodule.tests.Search2Test@2a18f23c]" name="setupDriver" is-config="true" duration-ms="3405" started-at="2021-08-01T10:02:03Z" finished-at="2021-08-01T10:02:07Z">
          <reporter-output>
          </reporter-output>
        </test-method> <!-- setupDriver -->
        <test-method status="PASS" signature="search(java.lang.String)[pri:0, instance:com.searchmodule.tests.Search2Test@2a18f23c]" name="search" duration-ms="4152" started-at="2021-08-01T10:02:07Z" finished-at="2021-08-01T10:02:11Z">
          <params>
            <param index="0">
              <value>
                <![CDATA[java]]>
              </value>
            </param>
          </params>
          <reporter-output>
          </reporter-output>
        </test-method> <!-- search -->
        <test-method status="PASS" signature="tearDown()[pri:0, instance:com.searchmodule.tests.Search2Test@2a18f23c]" name="tearDown" is-config="true" duration-ms="64" started-at="2021-08-01T10:02:11Z" finished-at="2021-08-01T10:02:11Z">
          <reporter-output>
          </reporter-output>
        </test-method> <!-- tearDown -->
      </class> <!-- com.searchmodule.tests.Search2Test -->
    </test> <!-- search-test-java -->
    <test name="search-test-webdriver" duration-ms="5226" started-at="2021-08-01T10:02:11Z" finished-at="2021-08-01T10:02:16Z">
      <class name="com.searchmodule.tests.Search2Test">
        <test-method status="PASS" signature="setupDriver()[pri:0, instance:com.searchmodule.tests.Search2Test@129a8472]" name="setupDriver" is-config="true" duration-ms="673" started-at="2021-08-01T10:02:11Z" finished-at="2021-08-01T10:02:11Z">
          <reporter-output>
          </reporter-output>
        </test-method> <!-- setupDriver -->
        <test-method status="PASS" signature="search(java.lang.String)[pri:0, instance:com.searchmodule.tests.Search2Test@129a8472]" name="search" duration-ms="4488" started-at="2021-08-01T10:02:11Z" finished-at="2021-08-01T10:02:16Z">
          <params>
            <param index="0">
              <value>
                <![CDATA[webdriver]]>
              </value>
            </param>
          </params>
          <reporter-output>
          </reporter-output>
        </test-method> <!-- search -->
        <test-method status="PASS" signature="tearDown()[pri:0, instance:com.searchmodule.tests.Search2Test@129a8472]" name="tearDown" is-config="true" duration-ms="65" started-at="2021-08-01T10:02:16Z" finished-at="2021-08-01T10:02:16Z">
          <reporter-output>
          </reporter-output>
        </test-method> <!-- tearDown -->
      </class> <!-- com.searchmodule.tests.Search2Test -->
    </test> <!-- search-test-webdriver -->
    <test name="search-test-docker" duration-ms="4861" started-at="2021-08-01T10:02:16Z" finished-at="2021-08-01T10:02:21Z">
      <class name="com.searchmodule.tests.Search2Test">
        <test-method status="PASS" signature="setupDriver()[pri:0, instance:com.searchmodule.tests.Search2Test@2752f6e2]" name="setupDriver" is-config="true" duration-ms="693" started-at="2021-08-01T10:02:16Z" finished-at="2021-08-01T10:02:17Z">
          <reporter-output>
          </reporter-output>
        </test-method> <!-- setupDriver -->
        <test-method status="PASS" signature="search(java.lang.String)[pri:0, instance:com.searchmodule.tests.Search2Test@2752f6e2]" name="search" duration-ms="4100" started-at="2021-08-01T10:02:17Z" finished-at="2021-08-01T10:02:21Z">
          <params>
            <param index="0">
              <value>
                <![CDATA[docker]]>
              </value>
            </param>
          </params>
          <reporter-output>
          </reporter-output>
        </test-method> <!-- search -->
        <test-method status="PASS" signature="tearDown()[pri:0, instance:com.searchmodule.tests.Search2Test@2752f6e2]" name="tearDown" is-config="true" duration-ms="67" started-at="2021-08-01T10:02:21Z" finished-at="2021-08-01T10:02:21Z">
          <reporter-output>
          </reporter-output>
        </test-method> <!-- tearDown -->
      </class> <!-- com.searchmodule.tests.Search2Test -->
    </test> <!-- search-test-docker -->
    <test name="search-test-kubernetes" duration-ms="4780" started-at="2021-08-01T10:02:21Z" finished-at="2021-08-01T10:02:26Z">
      <class name="com.searchmodule.tests.Search2Test">
        <test-method status="PASS" signature="setupDriver()[pri:0, instance:com.searchmodule.tests.Search2Test@1d251891]" name="setupDriver" is-config="true" duration-ms="524" started-at="2021-08-01T10:02:21Z" finished-at="2021-08-01T10:02:21Z">
          <reporter-output>
          </reporter-output>
        </test-method> <!-- setupDriver -->
        <test-method status="PASS" signature="search(java.lang.String)[pri:0, instance:com.searchmodule.tests.Search2Test@1d251891]" name="search" duration-ms="4192" started-at="2021-08-01T10:02:21Z" finished-at="2021-08-01T10:02:26Z">
          <params>
            <param index="0">
              <value>
                <![CDATA[kubernetes]]>
              </value>
            </param>
          </params>
          <reporter-output>
          </reporter-output>
        </test-method> <!-- search -->
        <test-method status="PASS" signature="tearDown()[pri:0, instance:com.searchmodule.tests.Search2Test@1d251891]" name="tearDown" is-config="true" duration-ms="63" started-at="2021-08-01T10:02:26Z" finished-at="2021-08-01T10:02:26Z">
          <reporter-output>
          </reporter-output>
        </test-method> <!-- tearDown -->
      </class> <!-- com.searchmodule.tests.Search2Test -->
    </test> <!-- search-test-kubernetes -->
  </suite> <!-- search-module -->
</testng-results>
